altman 1525
NOT_MOMENTUM_TARGET@@@@@@@@@@@@@@@@@@@@@@@@@
investNum1: 10
['오상자이엘', '범양건영', '넥센타이어', '현우산업', '유아이엘', '한진중공업홀딩스', '삼목에스폼', '휴스틸', '오스템', '동양이엔피']
12_MOMENTUM_TARGET@@@@@@@@@@@@@@@@@@@@@@@@@@
investNum2: 1
['현우산업']
INVEST_TARGET@@@@@@@@@@@@@@@@@@@@@@@@@@@@@@@
investNum3: 1
['현우산업']
보유 종목: ['현우산업']
BUY 현우산업 2439주
현우산업 0.8996140142517814
2008-05-01 00:00:00 10000000.0 9999900.0 100.0 0 
2008-05-02 00:00:00 10000000.0 9999900.0 100.0 0 ∙ 0.0 0.0%
2008-05-03 00:00:00 10000000.0 9999900.0 100.0 0 ∙ 0.0 0.0%
2008-05-04 00:00:00 10000000.0 9999900.0 100.0 0 ∙ 0.0 0.0%
2008-05-05 00:00:00 10000000.0 9999900.0 100.0 0 ∙ 0.0 0.0%
2008-05-06 00:00:00 10024390.0 10024290.0 100.0 0 ▲ 24390.0 0.2439%
2008-05-07 00:00:00 10048780.0 10048680.0 100.0 0 ▲ 24390.0 0.24330657526293373%
2008-05-08 00:00:00 9951220.0 9951120.0 100.0 0 ▼ -97560.0 -0.9708641247992293%
2008-05-09 00:00:00 9853660.0 9853560.0 100.0 0 ▼ -97560.0 -0.9803823048832203%
2008-05-10 00:00:00 9853660.0 9853560.0 100.0 0 ∙ 0.0 0.0%
2008-05-11 00:00:00 9853660.0 9853560.0 100.0 0 ∙ 0.0 0.0%
2008-05-12 00:00:00 9853660.0 9853560.0 100.0 0 ∙ 0.0 0.0%
2008-05-13 00:00:00 9817075.0 9816975.0 100.0 0 ▼ -36585.0 -0.371283360700491%
2008-05-14 00:00:00 9743905.0 9743805.0 100.0 0 ▼ -73170.0 -0.7453340226085672%
2008-05-15 00:00:00 9621955.0 9621855.0 100.0 0 ▼ -121950.0 -1.2515516109814289%
2008-05-16 00:00:00 9512200.0 9512100.0 100.0 0 ▼ -109755.0 -1.1406725556292874%
2008-05-17 00:00:00 9512200.0 9512100.0 100.0 0 ∙ 0.0 0.0%
2008-05-18 00:00:00 9512200.0 9512100.0 100.0 0 ∙ 0.0 0.0%
2008-05-19 00:00:00 10000000.0 9999900.0 100.0 0 ▲ 487800.0 5.12815121633271%
2008-05-20 00:00:00 9975610.0 9975510.0 100.0 0 ▼ -24390.0 -0.2439%
2008-05-21 00:00:00 9902440.0 9902340.0 100.0 0 ▼ -73170.0 -0.7334889796212963%
2008-05-22 00:00:00 9634150.0 9634050.0 100.0 0 ▼ -268290.0 -2.7093322453859856%
2008-05-23 00:00:00 9585370.0 9585270.0 100.0 0 ▼ -48780.0 -0.5063238583580285%
2008-05-24 00:00:00 9585370.0 9585270.0 100.0 0 ∙ 0.0 0.0%
2008-05-25 00:00:00 9585370.0 9585270.0 100.0 0 ∙ 0.0 0.0%
2008-05-26 00:00:00 9756100.0 9756000.0 100.0 0 ▲ 170730.0 1.7811519012828927%
2008-05-27 00:00:00 9743905.0 9743805.0 100.0 0 ▼ -12195.0 -0.12499871875032031%
2008-05-28 00:00:00 9560980.0 9560880.0 100.0 0 ▼ -182925.0 -1.8773274164721434%
2008-05-29 00:00:00 9731710.0 9731610.0 100.0 0 ▲ 170730.0 1.7856956086091593%
2008-05-30 00:00:00 10146340.0 10146240.0 100.0 0 ▲ 414630.0 4.260607847952723%
2008-05-31 00:00:00 10146340.0 10146240.0 100.0 0 ∙ 0.0 0.0%
2008-06-01 00:00:00 10146340.0 10146240.0 100.0 0 ∙ 0.0 0.0%
2008-06-02 00:00:00 10158535.0 10158435.0 100.0 0 ▲ 12195.0 0.12019112310448891%
2008-06-03 00:00:00 10121950.0 10121850.0 100.0 0 ▼ -36585.0 -0.36014051238687467%
2008-06-04 00:00:00 10182925.0 10182825.0 100.0 0 ▲ 60975.0 0.6024036870365888%
2008-06-05 00:00:00 10207315.0 10207215.0 100.0 0 ▲ 24390.0 0.23951860590154597%
2008-06-06 00:00:00 10207315.0 10207215.0 100.0 0 ∙ 0.0 0.0%
2008-06-07 00:00:00 10207315.0 10207215.0 100.0 0 ∙ 0.0 0.0%
2008-06-08 00:00:00 10207315.0 10207215.0 100.0 0 ∙ 0.0 0.0%
2008-06-09 00:00:00 10048780.0 10048680.0 100.0 0 ▼ -158535.0 -1.5531508530891815%
2008-06-10 00:00:00 9804880.0 9804780.0 100.0 0 ▼ -243900.0 -2.4271603119980734%
2008-06-11 00:00:00 9768295.0 9768195.0 100.0 0 ▼ -36585.0 -0.37313052276009495%
2008-06-12 00:00:00 9890245.0 9890145.0 100.0 0 ▲ 121950.0 1.2484266701609645%
2008-06-13 00:00:00 9695125.0 9695025.0 100.0 0 ▼ -195120.0 -1.9728530486352966%
2008-06-14 00:00:00 9695125.0 9695025.0 100.0 0 ∙ 0.0 0.0%
2008-06-15 00:00:00 9695125.0 9695025.0 100.0 0 ∙ 0.0 0.0%
2008-06-16 00:00:00 9682930.0 9682830.0 100.0 0 ▼ -12195.0 -0.12578486610538803%
2008-06-17 00:00:00 9560980.0 9560880.0 100.0 0 ▼ -121950.0 -1.2594328369615395%
2008-06-18 00:00:00 9695125.0 9695025.0 100.0 0 ▲ 134145.0 1.4030465496214823%
2008-06-19 00:00:00 9695125.0 9695025.0 100.0 0 ∙ 0.0 0.0%
2008-06-20 00:00:00 9536590.0 9536490.0 100.0 0 ▼ -158535.0 -1.6352032593700443%
2008-06-21 00:00:00 9536590.0 9536490.0 100.0 0 ∙ 0.0 0.0%
2008-06-22 00:00:00 9536590.0 9536490.0 100.0 0 ∙ 0.0 0.0%
2008-06-23 00:00:00 9487810.0 9487710.0 100.0 0 ▼ -48780.0 -0.5115035877604048%
2008-06-24 00:00:00 9414640.0 9414540.0 100.0 0 ▼ -73170.0 -0.7712000978097158%
2008-06-25 00:00:00 9268300.0 9268200.0 100.0 0 ▼ -146340.0 -1.5543876345776366%
2008-06-26 00:00:00 9170740.0 9170640.0 100.0 0 ▼ -97560.0 -1.0526202216156144%
2008-06-27 00:00:00 9170740.0 9170640.0 100.0 0 ∙ 0.0 0.0%
2008-06-28 00:00:00 9170740.0 9170640.0 100.0 0 ∙ 0.0 0.0%
2008-06-29 00:00:00 9170740.0 9170640.0 100.0 0 ∙ 0.0 0.0%
2008-06-30 00:00:00 9146350.0 9146250.0 100.0 0 ▼ -24390.0 -0.265954546743229%
2008-07-01 00:00:00 9195130.0 9195030.0 100.0 0 ▲ 48780.0 0.5333275022276646%
2008-07-02 00:00:00 9121960.0 9121860.0 100.0 0 ▼ -73170.0 -0.7957473140673379%
2008-07-03 00:00:00 9134155.0 9134055.0 100.0 0 ▲ 12195.0 0.13368837398980044%
2008-07-04 00:00:00 9073180.0 9073080.0 100.0 0 ▼ -60975.0 -0.6675494339651561%
2008-07-05 00:00:00 9073180.0 9073080.0 100.0 0 ∙ 0.0 0.0%
2008-07-06 00:00:00 9073180.0 9073080.0 100.0 0 ∙ 0.0 0.0%
2008-07-07 00:00:00 9024400.0 9024300.0 100.0 0 ▼ -48780.0 -0.5376284830676785%
2008-07-08 00:00:00 8902450.0 8902350.0 100.0 0 ▼ -121950.0 -1.3513363769336464%
2008-07-09 00:00:00 8670745.0 8670645.0 100.0 0 ▼ -231705.0 -2.602710489808985%
손절갯수: 1 dict_keys(['현우산업'])
NOT_MOMENTUM_TARGET@@@@@@@@@@@@@@@@@@@@@@@@@
investNum1: 11
['엘오티베큠', '청호컴넷', '한솔인티큐브', '한일화학', '넥센타이어', '네패스', '동성화인텍', '삼목에스폼', '휴스틸', '한컴지엠디', '한진중공업홀딩스']
12_MOMENTUM_TARGET@@@@@@@@@@@@@@@@@@@@@@@@@@
investNum2: 0
[]
INVEST_TARGET@@@@@@@@@@@@@@@@@@@@@@@@@@@@@@@
investNum3: 0
[]
보유종목:  []
2008-07-10 00:00:00 8487820.0 0.0 8487820.0 0 ▼ -182925.0 -2.1096803100540957%
NOT_MOMENTUM_TARGET@@@@@@@@@@@@@@@@@@@@@@@@@
investNum1: 11
['엘오티베큠', '청호컴넷', '한솔인티큐브', '한일화학', '넥센타이어', '네패스', '동성화인텍', '삼목에스폼', '휴스틸', '한컴지엠디', '한진중공업홀딩스']
12_MOMENTUM_TARGET@@@@@@@@@@@@@@@@@@@@@@@@@@
investNum2: 1
['휴스틸']
INVEST_TARGET@@@@@@@@@@@@@@@@@@@@@@@@@@@@@@@
investNum3: 0
[]
보유종목:  []
2008-07-11 00:00:00 8487820.0 0.0 8487820.0 0 ∙ 0.0 0.0%
NOT_MOMENTUM_TARGET@@@@@@@@@@@@@@@@@@@@@@@@@
investNum1: 10
['청호컴넷', '한솔인티큐브', '한일화학', '넥센타이어', '네패스', '동성화인텍', '삼목에스폼', '휴스틸', '한컴지엠디', '한진중공업홀딩스']
12_MOMENTUM_TARGET@@@@@@@@@@@@@@@@@@@@@@@@@@
investNum2: 1
['휴스틸']
INVEST_TARGET@@@@@@@@@@@@@@@@@@@@@@@@@@@@@@@
investNum3: 0
[]
보유종목:  []
2008-07-12 00:00:00 8487820.0 0.0 8487820.0 0 ∙ 0.0 0.0%
NOT_MOMENTUM_TARGET@@@@@@@@@@@@@@@@@@@@@@@@@
investNum1: 10
['청호컴넷', '한솔인티큐브', '한일화학', '넥센타이어', '네패스', '동성화인텍', '삼목에스폼', '휴스틸', '한컴지엠디', '한진중공업홀딩스']
12_MOMENTUM_TARGET@@@@@@@@@@@@@@@@@@@@@@@@@@
investNum2: 1
['휴스틸']
INVEST_TARGET@@@@@@@@@@@@@@@@@@@@@@@@@@@@@@@
investNum3: 0
[]
보유종목:  []
2008-07-13 00:00:00 8487820.0 0.0 8487820.0 0 ∙ 0.0 0.0%
NOT_MOMENTUM_TARGET@@@@@@@@@@@@@@@@@@@@@@@@@
investNum1: 11
['청호컴넷', '한솔인티큐브', '전파기지국', '한일화학', '넥센타이어', '네패스', '동성화인텍', '삼목에스폼', '휴스틸', '한컴지엠디', '한진중공업홀딩스']
12_MOMENTUM_TARGET@@@@@@@@@@@@@@@@@@@@@@@@@@
investNum2: 1
['휴스틸']
INVEST_TARGET@@@@@@@@@@@@@@@@@@@@@@@@@@@@@@@
investNum3: 1
['휴스틸']
보유종목:  ['휴스틸']
2008-07-14 00:00:00 8487820.0 0.0 8487820.0 0 ∙ 0.0 0.0%
2008-07-15 00:00:00 8487820.0 0.0 8487820.0 0 ∙ 0.0 0.0%
2008-07-16 00:00:00 8487820.0 0.0 8487820.0 0 ∙ 0.0 0.0%
2008-07-17 00:00:00 8487820.0 0.0 8487820.0 0 ∙ 0.0 0.0%
2008-07-18 00:00:00 8487820.0 0.0 8487820.0 0 ∙ 0.0 0.0%
2008-07-19 00:00:00 8487820.0 0.0 8487820.0 0 ∙ 0.0 0.0%
2008-07-20 00:00:00 8487820.0 0.0 8487820.0 0 ∙ 0.0 0.0%
2008-07-21 00:00:00 8487820.0 0.0 8487820.0 0 ∙ 0.0 0.0%
2008-07-22 00:00:00 8487820.0 0.0 8487820.0 0 ∙ 0.0 0.0%
2008-07-23 00:00:00 8487820.0 0.0 8487820.0 0 ∙ 0.0 0.0%
2008-07-24 00:00:00 8487820.0 0.0 8487820.0 0 ∙ 0.0 0.0%
2008-07-25 00:00:00 8487820.0 0.0 8487820.0 0 ∙ 0.0 0.0%
2008-07-26 00:00:00 8487820.0 0.0 8487820.0 0 ∙ 0.0 0.0%
2008-07-27 00:00:00 8487820.0 0.0 8487820.0 0 ∙ 0.0 0.0%
2008-07-28 00:00:00 8487820.0 0.0 8487820.0 0 ∙ 0.0 0.0%
2008-07-29 00:00:00 8487820.0 0.0 8487820.0 0 ∙ 0.0 0.0%
2008-07-30 00:00:00 8487820.0 0.0 8487820.0 0 ∙ 0.0 0.0%
2008-07-31 00:00:00 8487820.0 0.0 8487820.0 0 ∙ 0.0 0.0%
3420.0 4100.0 1 4100.0
####################################
현우산업 0.8341463414634146
####################################
per : 5.04
pcr : 1.8
pbr : 0.65
roe : 12.59
당기순이익 : 2702227.0
영업활동으로인한현금흐름 : 5611054.0
투자활동으로인한현금흐름 : -7507645.0
재무활동으로인한현금흐름 : 2129401.0
psr : 0.24
roic : 9.67
eps : 774.0
ebit : 3098861.0
ev_ebit : 7.08
ev_sales : 0.39
ev_ebitda : 2.75
당기순이익률 : 4.78
영업이익률 : 5.48
매출총이익률 : 10.42
배당수익률 : 1.92
매출액 : 56539104.0
자산 : 47666507.0
유동자산 : 22823426.0
부채 : 20995911.0
유동부채 : 17385872.0
monthPercentage:  2008-05-01 00:00:00 ~ 2008-07-31 00:00:00  #  -15.121799999999999
monthTotal:  2008-05-01 00:00:00  #  10000000.0    2008-07-31 00:00:00  #  8487820.0
lossPoint: 0.8168618000711501
maxPoint: 1.0207315
minPoint: 0.848782
altman 1525
NOT_MOMENTUM_TARGET@@@@@@@@@@@@@@@@@@@@@@@@@
investNum1: 10
['청호컴넷', '넥센타이어', '네패스', '동성화인텍', '삼목에스폼', '신세계 I&C', '휴스틸', '동양이엔피', '한컴지엠디', '한진중공업홀딩스']
12_MOMENTUM_TARGET@@@@@@@@@@@@@@@@@@@@@@@@@@
investNum2: 1
['휴스틸']
INVEST_TARGET@@@@@@@@@@@@@@@@@@@@@@@@@@@@@@@
investNum3: 1
['휴스틸']
보유 종목: ['휴스틸', '휴스틸']
BUY 휴스틸 180주
BUY 휴스틸 180주
휴스틸 0.9107826770107041
휴스틸 0.9107826770107041
2008-08-01 00:00:00 8397820.0 8352000.0 45820.0 0 ▼ -90000.0 -1.0603429384694774%
2008-08-02 00:00:00 8397820.0 8352000.0 45820.0 0 ∙ 0.0 0.0%
2008-08-03 00:00:00 8397820.0 8352000.0 45820.0 0 ∙ 0.0 0.0%
2008-08-04 00:00:00 8397820.0 8352000.0 45820.0 0 ∙ 0.0 0.0%
종목마다손절갯수: 1 dict_keys(['휴스틸'])
NOT_MOMENTUM_TARGET@@@@@@@@@@@@@@@@@@@@@@@@@
investNum1: 9
['청호컴넷', '넥센타이어', '네패스', '동성화인텍', '삼목에스폼', '휴스틸', '동양이엔피', '한컴지엠디', '한진중공업홀딩스']
12_MOMENTUM_TARGET@@@@@@@@@@@@@@@@@@@@@@@@@@
investNum2: 1
['휴스틸']
INVEST_TARGET@@@@@@@@@@@@@@@@@@@@@@@@@@@@@@@
investNum3: 1
['휴스틸']
보유종목:  ['휴스틸']
2008-08-05 00:00:00 7317820.0 3636000.0 3681820.0 0 ▼ -1080000.0 -12.860480458023629%
2008-08-06 00:00:00 7479820.0 3798000.0 3681820.0 0 ▲ 162000.0 2.2137740474622225%
2008-08-07 00:00:00 7623820.0 3942000.0 3681820.0 0 ▲ 144000.0 1.9251800177009608%
2008-08-08 00:00:00 7659820.0 3978000.0 3681820.0 0 ▲ 36000.0 0.4722042230797684%
2008-08-09 00:00:00 7659820.0 3978000.0 3681820.0 0 ∙ 0.0 0.0%
2008-08-10 00:00:00 7659820.0 3978000.0 3681820.0 0 ∙ 0.0 0.0%
2008-08-11 00:00:00 7623820.0 3942000.0 3681820.0 0 ▼ -36000.0 -0.4699849343718259%
2008-08-12 00:00:00 7614820.0 3933000.0 3681820.0 0 ▼ -9000.0 -0.1180510557699421%
2008-08-13 00:00:00 7614820.0 3933000.0 3681820.0 0 ∙ 0.0 0.0%
2008-08-14 00:00:00 7677820.0 3996000.0 3681820.0 0 ▲ 63000.0 0.8273340669904212%
2008-08-15 00:00:00 7677820.0 3996000.0 3681820.0 0 ∙ 0.0 0.0%
2008-08-16 00:00:00 7677820.0 3996000.0 3681820.0 0 ∙ 0.0 0.0%
2008-08-17 00:00:00 7677820.0 3996000.0 3681820.0 0 ∙ 0.0 0.0%
2008-08-18 00:00:00 7695820.0 4014000.0 3681820.0 0 ▲ 18000.0 0.23444154721001537%
2008-08-19 00:00:00 7695820.0 4014000.0 3681820.0 0 ∙ 0.0 0.0%
2008-08-20 00:00:00 7659820.0 3978000.0 3681820.0 0 ▼ -36000.0 -0.46778640872577576%
2008-08-21 00:00:00 7695820.0 4014000.0 3681820.0 0 ▲ 36000.0 0.4699849343718259%
2008-08-22 00:00:00 7659820.0 3978000.0 3681820.0 0 ▼ -36000.0 -0.46778640872577576%
2008-08-23 00:00:00 7659820.0 3978000.0 3681820.0 0 ∙ 0.0 0.0%
2008-08-24 00:00:00 7659820.0 3978000.0 3681820.0 0 ∙ 0.0 0.0%
2008-08-25 00:00:00 7659820.0 3978000.0 3681820.0 0 ∙ 0.0 0.0%
2008-08-26 00:00:00 7695820.0 4014000.0 3681820.0 0 ▲ 36000.0 0.4699849343718259%
2008-08-27 00:00:00 7731820.0 4050000.0 3681820.0 0 ▲ 36000.0 0.46778640872577576%
2008-08-28 00:00:00 7767820.0 4086000.0 3681820.0 0 ▲ 36000.0 0.4656083561179645%
2008-08-29 00:00:00 7947820.0 4266000.0 3681820.0 0 ▲ 180000.0 2.317252459506013%
2008-08-30 00:00:00 7947820.0 4266000.0 3681820.0 0 ∙ 0.0 0.0%
2008-08-31 00:00:00 7947820.0 4266000.0 3681820.0 0 ∙ 0.0 0.0%
2008-09-01 00:00:00 7722820.0 4041000.0 3681820.0 0 ▼ -225000.0 -2.8309649690103704%
2008-09-02 00:00:00 7551820.0 3870000.0 3681820.0 0 ▼ -171000.0 -2.2142170865046706%
2008-09-03 00:00:00 7560820.0 3879000.0 3681820.0 0 ▲ 9000.0 0.11917656935679082%
2008-09-04 00:00:00 7515820.0 3834000.0 3681820.0 0 ▼ -45000.0 -0.595173539378004%
2008-09-05 00:00:00 7362820.0 3681000.0 3681820.0 0 ▼ -153000.0 -2.0357060174405457%
2008-09-06 00:00:00 7362820.0 3681000.0 3681820.0 0 ∙ 0.0 0.0%
2008-09-07 00:00:00 7362820.0 3681000.0 3681820.0 0 ∙ 0.0 0.0%
2008-09-08 00:00:00 7515820.0 3834000.0 3681820.0 0 ▲ 153000.0 2.078008154484287%
2008-09-09 00:00:00 7497820.0 3816000.0 3681820.0 0 ▼ -18000.0 -0.23949482558124063%
2008-09-10 00:00:00 7407820.0 3726000.0 3681820.0 0 ▼ -90000.0 -1.200348901414011%
2008-09-11 00:00:00 7443820.0 3762000.0 3681820.0 0 ▲ 36000.0 0.4859729313077261%
2008-09-12 00:00:00 7632820.0 3951000.0 3681820.0 0 ▲ 189000.0 2.539018944574157%
2008-09-13 00:00:00 7632820.0 3951000.0 3681820.0 0 ∙ 0.0 0.0%
2008-09-14 00:00:00 7632820.0 3951000.0 3681820.0 0 ∙ 0.0 0.0%
2008-09-15 00:00:00 7632820.0 3951000.0 3681820.0 0 ∙ 0.0 0.0%
2008-09-16 00:00:00 7353820.0 3672000.0 3681820.0 0 ▼ -279000.0 -3.6552676468199174%
2008-09-17 00:00:00 7542820.0 3861000.0 3681820.0 0 ▲ 189000.0 2.5700928225058544%
2008-09-18 00:00:00 7479820.0 3798000.0 3681820.0 0 ▼ -63000.0 -0.8352313856090958%
2008-09-19 00:00:00 7596820.0 3915000.0 3681820.0 0 ▲ 117000.0 1.5642087643820306%
2008-09-20 00:00:00 7596820.0 3915000.0 3681820.0 0 ∙ 0.0 0.0%
2008-09-21 00:00:00 7596820.0 3915000.0 3681820.0 0 ∙ 0.0 0.0%
2008-09-22 00:00:00 7578820.0 3897000.0 3681820.0 0 ▼ -18000.0 -0.23694124646891726%
2008-09-23 00:00:00 7587820.0 3906000.0 3681820.0 0 ▲ 9000.0 0.11875199569326095%
2008-09-24 00:00:00 7479820.0 3798000.0 3681820.0 0 ▼ -108000.0 -1.4233337111317876%
2008-09-25 00:00:00 7461820.0 3780000.0 3681820.0 0 ▼ -18000.0 -0.2406475022126201%
2008-09-26 00:00:00 7416820.0 3735000.0 3681820.0 0 ▼ -45000.0 -0.6030700284917084%
2008-09-27 00:00:00 7416820.0 3735000.0 3681820.0 0 ∙ 0.0 0.0%
2008-09-28 00:00:00 7416820.0 3735000.0 3681820.0 0 ∙ 0.0 0.0%
2008-09-29 00:00:00 7407820.0 3726000.0 3681820.0 0 ▼ -9000.0 -0.12134580588446262%
2008-09-30 00:00:00 7524820.0 3843000.0 3681820.0 0 ▲ 117000.0 1.57941202675011%
2008-10-01 00:00:00 7407820.0 3726000.0 3681820.0 0 ▼ -117000.0 -1.55485446827964%
2008-10-02 00:00:00 7263820.0 3582000.0 3681820.0 0 ▼ -144000.0 -1.9438917252309045%
2008-10-03 00:00:00 7263820.0 3582000.0 3681820.0 0 ∙ 0.0 0.0%
2008-10-04 00:00:00 7263820.0 3582000.0 3681820.0 0 ∙ 0.0 0.0%
2008-10-05 00:00:00 7263820.0 3582000.0 3681820.0 0 ∙ 0.0 0.0%
2008-10-06 00:00:00 6867820.0 3186000.0 3681820.0 0 ▼ -396000.0 -5.451676941333899%
2008-10-07 00:00:00 6894820.0 3213000.0 3681820.0 0 ▲ 27000.0 0.3931378516035656%
2008-10-08 00:00:00 6516820.0 2835000.0 3681820.0 0 ▼ -378000.0 -5.482376624770479%
2008-10-09 00:00:00 6606820.0 2925000.0 3681820.0 0 ▲ 90000.0 1.3810416736997493%
2008-10-10 00:00:00 6381820.0 2700000.0 3681820.0 0 ▼ -225000.0 -3.40557181821209%
2008-10-11 00:00:00 6381820.0 2700000.0 3681820.0 0 ∙ 0.0 0.0%
2008-10-12 00:00:00 6381820.0 2700000.0 3681820.0 0 ∙ 0.0 0.0%
2008-10-13 00:00:00 6525820.0 2844000.0 3681820.0 0 ▲ 144000.0 2.2564096135585148%
2008-10-14 00:00:00 6732820.0 3051000.0 3681820.0 0 ▲ 207000.0 3.17201516437781%
2008-10-15 00:00:00 6561820.0 2880000.0 3681820.0 0 ▼ -171000.0 -2.5397975885290265%
2008-10-16 00:00:00 6165820.0 2484000.0 3681820.0 0 ▼ -396000.0 -6.034911046020769%
2008-10-17 00:00:00 6138820.0 2457000.0 3681820.0 0 ▼ -27000.0 -0.437897960044244%
2008-10-18 00:00:00 6138820.0 2457000.0 3681820.0 0 ∙ 0.0 0.0%
2008-10-19 00:00:00 6138820.0 2457000.0 3681820.0 0 ∙ 0.0 0.0%
2008-10-20 00:00:00 6273820.0 2592000.0 3681820.0 0 ▲ 135000.0 2.199119700528766%
2008-10-21 00:00:00 6165820.0 2484000.0 3681820.0 0 ▼ -108000.0 -1.7214392507276268%
2008-10-22 00:00:00 6021820.0 2340000.0 3681820.0 0 ▼ -144000.0 -2.3354557869026342%
2008-10-23 00:00:00 5985820.0 2304000.0 3681820.0 0 ▼ -36000.0 -0.5978259064535306%
2008-10-24 00:00:00 5751820.0 2070000.0 3681820.0 0 ▼ -234000.0 -3.9092388344454063%
2008-10-25 00:00:00 5751820.0 2070000.0 3681820.0 0 ∙ 0.0 0.0%
2008-10-26 00:00:00 5751820.0 2070000.0 3681820.0 0 ∙ 0.0 0.0%
2008-10-27 00:00:00 5715820.0 2034000.0 3681820.0 0 ▼ -36000.0 -0.6258888490947213%
2008-10-28 00:00:00 5841820.0 2160000.0 3681820.0 0 ▲ 126000.0 2.204408116420741%
2008-10-29 00:00:00 5715820.0 2034000.0 3681820.0 0 ▼ -126000.0 -2.1568620738057662%
2008-10-30 00:00:00 6012820.0 2331000.0 3681820.0 0 ▲ 297000.0 5.19610484584889%
2008-10-31 00:00:00 6165820.0 2484000.0 3681820.0 0 ▲ 153000.0 2.5445631168070886%
13800.0 23200.0 1 23200.0
####################################
휴스틸 0.5948275862068966
####################################
per : 7.6
pcr : 4.66
pbr : 0.51
roe : 7.18
당기순이익 : 16391223.0
영업활동으로인한현금흐름 : 48559875.0
투자활동으로인한현금흐름 : -26106879.0
재무활동으로인한현금흐름 : -6688780.0
psr : 0.3
roic : 6.53
eps : 2369.0
ebit : 23681925.0
ev_ebit : 8.44
ev_sales : 0.48
ev_ebitda : 5.88
당기순이익률 : 3.97
영업이익률 : 5.74
매출총이익률 : 14.54
배당수익률 : 5.56
매출액 : 412753631.0
자산 : 417958639.0
유동자산 : 168451656.0
부채 : 175189671.0
유동부채 : 119322239.0
13800.0 23200.0 1 23200.0
####################################
휴스틸 0.5948275862068966
####################################
per : 7.6
pcr : 4.66
pbr : 0.51
roe : 7.18
당기순이익 : 16391223.0
영업활동으로인한현금흐름 : 48559875.0
투자활동으로인한현금흐름 : -26106879.0
재무활동으로인한현금흐름 : -6688780.0
psr : 0.3
roic : 6.53
eps : 2369.0
ebit : 23681925.0
ev_ebit : 8.44
ev_sales : 0.48
ev_ebitda : 5.88
당기순이익률 : 3.97
영업이익률 : 5.74
매출총이익률 : 14.54
배당수익률 : 5.56
매출액 : 412753631.0
자산 : 417958639.0
유동자산 : 168451656.0
부채 : 175189671.0
유동부채 : 119322239.0
monthPercentage:  2008-08-01 00:00:00 ~ 2008-10-31 00:00:00  #  -26.578326279915505
monthTotal:  2008-08-01 00:00:00  #  8397820.0    2008-10-31 00:00:00  #  6165820.0
lossPoint: 0.6285818674541956
maxPoint: 1.0
minPoint: 0.6806314019590798
altman 1525
NOT_MOMENTUM_TARGET@@@@@@@@@@@@@@@@@@@@@@@@@
investNum1: 13
['청호컴넷', 'KJ프리텍', '하츠', '넥센타이어', '신세계건설', '네패스', '동성화인텍', '심텍홀딩스', '삼목에스폼', '신세계 I&C', 'STX엔진', '휴스틸', '한진중공업홀딩스']
12_MOMENTUM_TARGET@@@@@@@@@@@@@@@@@@@@@@@@@@
investNum2: 0
[]
INVEST_TARGET@@@@@@@@@@@@@@@@@@@@@@@@@@@@@@@
investNum3: 0
[]
보유 종목: ['휴스틸']
BUY 휴스틸 446주
휴스틸 0.6840588988476313
2008-11-01 00:00:00 6165820.0 6154800.0 11020.0 0 ∙ 0.0 0.0%
2008-11-02 00:00:00 6165820.0 6154800.0 11020.0 0 ∙ 0.0 0.0%
2008-11-03 00:00:00 6188120.0 6177100.0 11020.0 0 ▲ 22300.0 0.3616712781106163%
2008-11-04 00:00:00 6478020.0 6467000.0 11020.0 0 ▲ 289900.0 4.684783100521645%
2008-11-05 00:00:00 6745620.0 6734600.0 11020.0 0 ▲ 267600.0 4.130891846582752%
2008-11-06 00:00:00 5875920.0 5864900.0 11020.0 0 ▼ -869700.0 -12.892810445889333%
2008-11-07 00:00:00 6165820.0 6154800.0 11020.0 0 ▲ 289900.0 4.933695489387194%
2008-11-08 00:00:00 6165820.0 6154800.0 11020.0 0 ∙ 0.0 0.0%
2008-11-09 00:00:00 6165820.0 6154800.0 11020.0 0 ∙ 0.0 0.0%
2008-11-10 00:00:00 6522620.0 6511600.0 11020.0 0 ▲ 356800.0 5.7867404497698605%
2008-11-11 00:00:00 6567220.0 6556200.0 11020.0 0 ▲ 44600.0 0.6837743115496534%
2008-11-12 00:00:00 6544920.0 6533900.0 11020.0 0 ▼ -22300.0 -0.33956529551317%
2008-11-13 00:00:00 6143520.0 6132500.0 11020.0 0 ▼ -401400.0 -6.133000861737042%
2008-11-14 00:00:00 6277320.0 6266300.0 11020.0 0 ▲ 133800.0 2.177904523790921%
2008-11-15 00:00:00 6277320.0 6266300.0 11020.0 0 ∙ 0.0 0.0%
2008-11-16 00:00:00 6277320.0 6266300.0 11020.0 0 ∙ 0.0 0.0%
2008-11-17 00:00:00 6522620.0 6511600.0 11020.0 0 ▲ 245300.0 3.90771858054074%
2008-11-18 00:00:00 6165820.0 6154800.0 11020.0 0 ▼ -356800.0 -5.470194492397227%
손절갯수: 1 dict_keys(['휴스틸'])
NOT_MOMENTUM_TARGET@@@@@@@@@@@@@@@@@@@@@@@@@
investNum1: 10
['청호컴넷', 'KJ프리텍', '신세계건설', '넥센타이어', '네패스', '동성화인텍', '삼목에스폼', '신세계 I&C', '휴스틸', '한진중공업홀딩스']
12_MOMENTUM_TARGET@@@@@@@@@@@@@@@@@@@@@@@@@@
investNum2: 0
[]
INVEST_TARGET@@@@@@@@@@@@@@@@@@@@@@@@@@@@@@@
investNum3: 0
[]
보유종목:  []
2008-11-19 00:00:00 5875920.0 0.0 5875920.0 0 ▼ -289900.0 -4.7017266154380115%
NOT_MOMENTUM_TARGET@@@@@@@@@@@@@@@@@@@@@@@@@
investNum1: 12
['청호컴넷', 'KJ프리텍', '넥센타이어', '신세계건설', '네패스', '동성화인텍', '삼목에스폼', 'STX엔진', 'S&T모티브', '휴스틸', '한진중공업홀딩스', '대한유화']
12_MOMENTUM_TARGET@@@@@@@@@@@@@@@@@@@@@@@@@@
investNum2: 0
[]
INVEST_TARGET@@@@@@@@@@@@@@@@@@@@@@@@@@@@@@@
investNum3: 0
[]
보유종목:  []
2008-11-20 00:00:00 5875920.0 0.0 5875920.0 0 ∙ 0.0 0.0%
NOT_MOMENTUM_TARGET@@@@@@@@@@@@@@@@@@@@@@@@@
investNum1: 13
['청호컴넷', 'KJ프리텍', '넥센타이어', '신세계건설', '네패스', '동성화인텍', '삼목에스폼', 'STX엔진', 'S&T모티브', '휴스틸', '보해양조', '한진중공업홀딩스', '대한유화']
12_MOMENTUM_TARGET@@@@@@@@@@@@@@@@@@@@@@@@@@
investNum2: 0
[]
INVEST_TARGET@@@@@@@@@@@@@@@@@@@@@@@@@@@@@@@
investNum3: 0
[]
보유종목:  []
2008-11-21 00:00:00 5875920.0 0.0 5875920.0 0 ∙ 0.0 0.0%
NOT_MOMENTUM_TARGET@@@@@@@@@@@@@@@@@@@@@@@@@
investNum1: 13
['청호컴넷', 'KJ프리텍', '넥센타이어', '신세계건설', '네패스', '동성화인텍', '삼목에스폼', 'STX엔진', 'S&T모티브', '휴스틸', '보해양조', '한진중공업홀딩스', '대한유화']
12_MOMENTUM_TARGET@@@@@@@@@@@@@@@@@@@@@@@@@@
investNum2: 0
[]
INVEST_TARGET@@@@@@@@@@@@@@@@@@@@@@@@@@@@@@@
investNum3: 0
[]
보유종목:  []
2008-11-22 00:00:00 5875920.0 0.0 5875920.0 0 ∙ 0.0 0.0%
NOT_MOMENTUM_TARGET@@@@@@@@@@@@@@@@@@@@@@@@@
investNum1: 13
['청호컴넷', 'KJ프리텍', '넥센타이어', '신세계건설', '네패스', '동성화인텍', '삼목에스폼', 'STX엔진', 'S&T모티브', '휴스틸', '보해양조', '한진중공업홀딩스', '대한유화']
12_MOMENTUM_TARGET@@@@@@@@@@@@@@@@@@@@@@@@@@
investNum2: 0
[]
INVEST_TARGET@@@@@@@@@@@@@@@@@@@@@@@@@@@@@@@
investNum3: 0
[]
보유종목:  []
2008-11-23 00:00:00 5875920.0 0.0 5875920.0 0 ∙ 0.0 0.0%
NOT_MOMENTUM_TARGET@@@@@@@@@@@@@@@@@@@@@@@@@
investNum1: 12
['청호컴넷', 'KJ프리텍', '넥센타이어', '네패스', '동성화인텍', '삼목에스폼', 'STX엔진', 'S&T모티브', '휴스틸', '보해양조', '한진중공업홀딩스', '대한유화']
12_MOMENTUM_TARGET@@@@@@@@@@@@@@@@@@@@@@@@@@
investNum2: 0
[]
INVEST_TARGET@@@@@@@@@@@@@@@@@@@@@@@@@@@@@@@
investNum3: 0
[]
보유종목:  []
2008-11-24 00:00:00 5875920.0 0.0 5875920.0 0 ∙ 0.0 0.0%
NOT_MOMENTUM_TARGET@@@@@@@@@@@@@@@@@@@@@@@@@
investNum1: 11
['청호컴넷', 'KJ프리텍', '넥센타이어', '네패스', '동성화인텍', '삼목에스폼', 'STX엔진', 'S&T모티브', '보해양조', '한진중공업홀딩스', '대한유화']
12_MOMENTUM_TARGET@@@@@@@@@@@@@@@@@@@@@@@@@@
investNum2: 0
[]
INVEST_TARGET@@@@@@@@@@@@@@@@@@@@@@@@@@@@@@@
investNum3: 0
[]
보유종목:  []
2008-11-25 00:00:00 5875920.0 0.0 5875920.0 0 ∙ 0.0 0.0%
NOT_MOMENTUM_TARGET@@@@@@@@@@@@@@@@@@@@@@@@@
investNum1: 11
['청호컴넷', 'KJ프리텍', '넥센타이어', '네패스', '동성화인텍', '삼목에스폼', 'STX엔진', 'S&T모티브', '휴스틸', '보해양조', '한진중공업홀딩스']
12_MOMENTUM_TARGET@@@@@@@@@@@@@@@@@@@@@@@@@@
investNum2: 0
[]
INVEST_TARGET@@@@@@@@@@@@@@@@@@@@@@@@@@@@@@@
investNum3: 0
[]
보유종목:  []
2008-11-26 00:00:00 5875920.0 0.0 5875920.0 0 ∙ 0.0 0.0%
NOT_MOMENTUM_TARGET@@@@@@@@@@@@@@@@@@@@@@@@@
investNum1: 10
['청호컴넷', 'KJ프리텍', '넥센타이어', '네패스', '동성화인텍', '삼목에스폼', 'STX엔진', 'S&T모티브', '보해양조', '한진중공업홀딩스']
12_MOMENTUM_TARGET@@@@@@@@@@@@@@@@@@@@@@@@@@
investNum2: 0
[]
INVEST_TARGET@@@@@@@@@@@@@@@@@@@@@@@@@@@@@@@
investNum3: 0
[]
보유종목:  []
2008-11-27 00:00:00 5875920.0 0.0 5875920.0 0 ∙ 0.0 0.0%
NOT_MOMENTUM_TARGET@@@@@@@@@@@@@@@@@@@@@@@@@
investNum1: 10
['청호컴넷', 'KJ프리텍', '넥센타이어', '네패스', '동성화인텍', '삼목에스폼', 'STX엔진', 'S&T모티브', '보해양조', '한진중공업홀딩스']
12_MOMENTUM_TARGET@@@@@@@@@@@@@@@@@@@@@@@@@@
investNum2: 0
[]
INVEST_TARGET@@@@@@@@@@@@@@@@@@@@@@@@@@@@@@@
investNum3: 0
[]
보유종목:  []
2008-11-28 00:00:00 5875920.0 0.0 5875920.0 0 ∙ 0.0 0.0%
NOT_MOMENTUM_TARGET@@@@@@@@@@@@@@@@@@@@@@@@@
investNum1: 10
['청호컴넷', 'KJ프리텍', '넥센타이어', '네패스', '동성화인텍', '삼목에스폼', 'STX엔진', 'S&T모티브', '보해양조', '한진중공업홀딩스']
12_MOMENTUM_TARGET@@@@@@@@@@@@@@@@@@@@@@@@@@
investNum2: 0
[]
INVEST_TARGET@@@@@@@@@@@@@@@@@@@@@@@@@@@@@@@
investNum3: 0
[]
보유종목:  []
2008-11-29 00:00:00 5875920.0 0.0 5875920.0 0 ∙ 0.0 0.0%
NOT_MOMENTUM_TARGET@@@@@@@@@@@@@@@@@@@@@@@@@
investNum1: 10
['청호컴넷', 'KJ프리텍', '넥센타이어', '네패스', '동성화인텍', '삼목에스폼', 'STX엔진', 'S&T모티브', '보해양조', '한진중공업홀딩스']
12_MOMENTUM_TARGET@@@@@@@@@@@@@@@@@@@@@@@@@@
investNum2: 0
[]
INVEST_TARGET@@@@@@@@@@@@@@@@@@@@@@@@@@@@@@@
investNum3: 0
[]
보유종목:  []
2008-11-30 00:00:00 5875920.0 0.0 5875920.0 0 ∙ 0.0 0.0%
NOT_MOMENTUM_TARGET@@@@@@@@@@@@@@@@@@@@@@@@@
investNum1: 10
['청호컴넷', 'KJ프리텍', '넥센타이어', '네패스', '동성화인텍', '삼목에스폼', 'STX엔진', 'S&T모티브', '보해양조', '한진중공업홀딩스']
12_MOMENTUM_TARGET@@@@@@@@@@@@@@@@@@@@@@@@@@
investNum2: 0
[]
INVEST_TARGET@@@@@@@@@@@@@@@@@@@@@@@@@@@@@@@
investNum3: 0
[]
보유종목:  []
2008-12-01 00:00:00 5875920.0 0.0 5875920.0 0 ∙ 0.0 0.0%
NOT_MOMENTUM_TARGET@@@@@@@@@@@@@@@@@@@@@@@@@
investNum1: 10
['청호컴넷', 'KJ프리텍', '넥센타이어', '네패스', '동성화인텍', '삼목에스폼', 'STX엔진', 'S&T모티브', '보해양조', '한진중공업홀딩스']
12_MOMENTUM_TARGET@@@@@@@@@@@@@@@@@@@@@@@@@@
investNum2: 0
[]
INVEST_TARGET@@@@@@@@@@@@@@@@@@@@@@@@@@@@@@@
investNum3: 0
[]
보유종목:  []
2008-12-02 00:00:00 5875920.0 0.0 5875920.0 0 ∙ 0.0 0.0%
NOT_MOMENTUM_TARGET@@@@@@@@@@@@@@@@@@@@@@@@@
investNum1: 11
['청호컴넷', 'KJ프리텍', '넥센타이어', '네패스', '동성화인텍', '삼목에스폼', 'STX엔진', 'S&T모티브', '동양이엔피', '보해양조', '한진중공업홀딩스']
12_MOMENTUM_TARGET@@@@@@@@@@@@@@@@@@@@@@@@@@
investNum2: 0
[]
INVEST_TARGET@@@@@@@@@@@@@@@@@@@@@@@@@@@@@@@
investNum3: 0
[]
보유종목:  []
2008-12-03 00:00:00 5875920.0 0.0 5875920.0 0 ∙ 0.0 0.0%
NOT_MOMENTUM_TARGET@@@@@@@@@@@@@@@@@@@@@@@@@
investNum1: 11
['KJ프리텍', '넥센타이어', '네패스', '동성화인텍', '삼목에스폼', 'STX엔진', 'S&T모티브', '휴스틸', '동양이엔피', '보해양조', '한진중공업홀딩스']
12_MOMENTUM_TARGET@@@@@@@@@@@@@@@@@@@@@@@@@@
investNum2: 0
[]
INVEST_TARGET@@@@@@@@@@@@@@@@@@@@@@@@@@@@@@@
investNum3: 0
[]
보유종목:  []
2008-12-04 00:00:00 5875920.0 0.0 5875920.0 0 ∙ 0.0 0.0%
NOT_MOMENTUM_TARGET@@@@@@@@@@@@@@@@@@@@@@@@@
investNum1: 10
['KJ프리텍', '에이치엘비생명과학', '넥센타이어', '네패스', '동성화인텍', '삼목에스폼', 'S&T모티브', '동양이엔피', '보해양조', '한진중공업홀딩스']
12_MOMENTUM_TARGET@@@@@@@@@@@@@@@@@@@@@@@@@@
investNum2: 0
[]
INVEST_TARGET@@@@@@@@@@@@@@@@@@@@@@@@@@@@@@@
investNum3: 0
[]
보유종목:  []
2008-12-05 00:00:00 5875920.0 0.0 5875920.0 0 ∙ 0.0 0.0%
NOT_MOMENTUM_TARGET@@@@@@@@@@@@@@@@@@@@@@@@@
investNum1: 11
['KJ프리텍', '에이치엘비생명과학', '넥센타이어', '네패스', '동성화인텍', '삼목에스폼', 'S&T모티브', '동양이엔피', '보해양조', '한진중공업홀딩스', '대한유화']
12_MOMENTUM_TARGET@@@@@@@@@@@@@@@@@@@@@@@@@@
investNum2: 0
[]
INVEST_TARGET@@@@@@@@@@@@@@@@@@@@@@@@@@@@@@@
investNum3: 0
[]
보유종목:  []
2008-12-06 00:00:00 5875920.0 0.0 5875920.0 0 ∙ 0.0 0.0%
NOT_MOMENTUM_TARGET@@@@@@@@@@@@@@@@@@@@@@@@@
investNum1: 11
['KJ프리텍', '에이치엘비생명과학', '넥센타이어', '네패스', '동성화인텍', '삼목에스폼', 'S&T모티브', '동양이엔피', '보해양조', '한진중공업홀딩스', '대한유화']
12_MOMENTUM_TARGET@@@@@@@@@@@@@@@@@@@@@@@@@@
investNum2: 0
[]
INVEST_TARGET@@@@@@@@@@@@@@@@@@@@@@@@@@@@@@@
investNum3: 0
[]
보유종목:  []
2008-12-07 00:00:00 5875920.0 0.0 5875920.0 0 ∙ 0.0 0.0%
NOT_MOMENTUM_TARGET@@@@@@@@@@@@@@@@@@@@@@@@@
investNum1: 11
['KJ프리텍', '에이치엘비생명과학', '넥센타이어', '네패스', '동성화인텍', '삼목에스폼', 'S&T모티브', '동양이엔피', '보해양조', '한진중공업홀딩스', '대한유화']
12_MOMENTUM_TARGET@@@@@@@@@@@@@@@@@@@@@@@@@@
investNum2: 0
[]
INVEST_TARGET@@@@@@@@@@@@@@@@@@@@@@@@@@@@@@@
investNum3: 0
[]
보유종목:  []
2008-12-08 00:00:00 5875920.0 0.0 5875920.0 0 ∙ 0.0 0.0%
NOT_MOMENTUM_TARGET@@@@@@@@@@@@@@@@@@@@@@@@@
investNum1: 9
['KJ프리텍', '넥센타이어', '네패스', '동성화인텍', '삼목에스폼', 'S&T모티브', '동양이엔피', '보해양조', '한진중공업홀딩스']
12_MOMENTUM_TARGET@@@@@@@@@@@@@@@@@@@@@@@@@@
investNum2: 0
[]
INVEST_TARGET@@@@@@@@@@@@@@@@@@@@@@@@@@@@@@@
investNum3: 0
[]
보유종목:  []
2008-12-09 00:00:00 5875920.0 0.0 5875920.0 0 ∙ 0.0 0.0%
NOT_MOMENTUM_TARGET@@@@@@@@@@@@@@@@@@@@@@@@@
investNum1: 10
['KJ프리텍', '에이치엘비생명과학', '넥센타이어', '네패스', '동성화인텍', '삼목에스폼', 'S&T모티브', '동양이엔피', '보해양조', '한진중공업홀딩스']
12_MOMENTUM_TARGET@@@@@@@@@@@@@@@@@@@@@@@@@@
investNum2: 0
[]
INVEST_TARGET@@@@@@@@@@@@@@@@@@@@@@@@@@@@@@@
investNum3: 0
[]
보유종목:  []
2008-12-10 00:00:00 5875920.0 0.0 5875920.0 0 ∙ 0.0 0.0%
NOT_MOMENTUM_TARGET@@@@@@@@@@@@@@@@@@@@@@@@@
investNum1: 10
['KJ프리텍', '에이치엘비생명과학', '넥센타이어', '네패스', '동성화인텍', '삼목에스폼', 'S&T모티브', '동양이엔피', '보해양조', '한진중공업홀딩스']
12_MOMENTUM_TARGET@@@@@@@@@@@@@@@@@@@@@@@@@@
investNum2: 0
[]
INVEST_TARGET@@@@@@@@@@@@@@@@@@@@@@@@@@@@@@@
investNum3: 0
[]
보유종목:  []
2008-12-11 00:00:00 5875920.0 0.0 5875920.0 0 ∙ 0.0 0.0%
NOT_MOMENTUM_TARGET@@@@@@@@@@@@@@@@@@@@@@@@@
investNum1: 7
['넥센타이어', '네패스', '동성화인텍', 'S&T모티브', '동양이엔피', '보해양조', '한진중공업홀딩스']
12_MOMENTUM_TARGET@@@@@@@@@@@@@@@@@@@@@@@@@@
investNum2: 0
[]
INVEST_TARGET@@@@@@@@@@@@@@@@@@@@@@@@@@@@@@@
investNum3: 0
[]
보유종목:  []
2008-12-12 00:00:00 5875920.0 0.0 5875920.0 0 ∙ 0.0 0.0%
NOT_MOMENTUM_TARGET@@@@@@@@@@@@@@@@@@@@@@@@@
investNum1: 8
['넥센타이어', '네패스', '동성화인텍', 'S&T모티브', '휴스틸', '동양이엔피', '보해양조', '한진중공업홀딩스']
12_MOMENTUM_TARGET@@@@@@@@@@@@@@@@@@@@@@@@@@
investNum2: 0
[]
INVEST_TARGET@@@@@@@@@@@@@@@@@@@@@@@@@@@@@@@
investNum3: 0
[]
보유종목:  []
2008-12-13 00:00:00 5875920.0 0.0 5875920.0 0 ∙ 0.0 0.0%
NOT_MOMENTUM_TARGET@@@@@@@@@@@@@@@@@@@@@@@@@
investNum1: 9
['청호컴넷', '넥센타이어', '네패스', '동성화인텍', 'S&T모티브', '휴스틸', '동양이엔피', '보해양조', '한진중공업홀딩스']
12_MOMENTUM_TARGET@@@@@@@@@@@@@@@@@@@@@@@@@@
investNum2: 0
[]
INVEST_TARGET@@@@@@@@@@@@@@@@@@@@@@@@@@@@@@@
investNum3: 0
[]
보유종목:  []
2008-12-14 00:00:00 5875920.0 0.0 5875920.0 0 ∙ 0.0 0.0%
NOT_MOMENTUM_TARGET@@@@@@@@@@@@@@@@@@@@@@@@@
investNum1: 8
['넥센타이어', '네패스', '동성화인텍', 'S&T모티브', '휴스틸', '동양이엔피', '보해양조', '한진중공업홀딩스']
12_MOMENTUM_TARGET@@@@@@@@@@@@@@@@@@@@@@@@@@
investNum2: 0
[]
INVEST_TARGET@@@@@@@@@@@@@@@@@@@@@@@@@@@@@@@
investNum3: 0
[]
보유종목:  []
2008-12-15 00:00:00 5875920.0 0.0 5875920.0 0 ∙ 0.0 0.0%
NOT_MOMENTUM_TARGET@@@@@@@@@@@@@@@@@@@@@@@@@
investNum1: 8
['넥센타이어', '네패스', '동성화인텍', 'S&T모티브', '휴스틸', '동양이엔피', '보해양조', '한진중공업홀딩스']
12_MOMENTUM_TARGET@@@@@@@@@@@@@@@@@@@@@@@@@@
investNum2: 0
[]
INVEST_TARGET@@@@@@@@@@@@@@@@@@@@@@@@@@@@@@@
investNum3: 0
[]
보유종목:  []
2008-12-16 00:00:00 5875920.0 0.0 5875920.0 0 ∙ 0.0 0.0%
NOT_MOMENTUM_TARGET@@@@@@@@@@@@@@@@@@@@@@@@@
investNum1: 9
['에이치엘비생명과학', '신세계건설', '넥센타이어', '네패스', '동성화인텍', '휴스틸', '동양이엔피', '보해양조', '한진중공업홀딩스']
12_MOMENTUM_TARGET@@@@@@@@@@@@@@@@@@@@@@@@@@
investNum2: 0
[]
INVEST_TARGET@@@@@@@@@@@@@@@@@@@@@@@@@@@@@@@
investNum3: 0
[]
보유종목:  []
2008-12-17 00:00:00 5875920.0 0.0 5875920.0 0 ∙ 0.0 0.0%
NOT_MOMENTUM_TARGET@@@@@@@@@@@@@@@@@@@@@@@@@
investNum1: 9
['에이치엘비생명과학', '신세계건설', '넥센타이어', '네패스', '동성화인텍', '동양이엔피', '보해양조', '한진중공업홀딩스', '우리이티아이']
12_MOMENTUM_TARGET@@@@@@@@@@@@@@@@@@@@@@@@@@
investNum2: 0
[]
INVEST_TARGET@@@@@@@@@@@@@@@@@@@@@@@@@@@@@@@
investNum3: 0
[]
보유종목:  []
2008-12-18 00:00:00 5875920.0 0.0 5875920.0 0 ∙ 0.0 0.0%
