altman 1858
vpci
두올         6.84
오션브릿지    158.73
쌍용정보통신    65.75
dtype: float64
vpciShort
두올         1.42
오션브릿지    186.40
쌍용정보통신    54.41
dtype: float64
vpciLong
두올         4.36
오션브릿지    123.65
쌍용정보통신    43.82
dtype: float64
NOT_MOMENTUM_TARGET@@@@@@@@@@@@@@@@@@@@@@@@@
investNum1: 14
['범양건영', '오션브릿지', '백광산업', '네오오토', '이엘피', '쌍용정보통신', '두올', '피에스케이', '휴니드', '하이셈', '흥국에프엔비', '비아트론', '일지테크', '지에스이']
12_MOMENTUM_TARGET@@@@@@@@@@@@@@@@@@@@@@@@@@
investNum2: 4
['쌍용정보통신', '일지테크', '두올', '오션브릿지']
INVEST_TARGET@@@@@@@@@@@@@@@@@@@@@@@@@@@@@@@
investNum3: 3
['쌍용정보통신', '두올', '오션브릿지']
BUY 쌍용정보통신 1872주
BUY 두올 989주
BUY 오션브릿지 323주
쌍용정보통신 0.8908247857243221
두올 0.9691574724172518
오션브릿지 0.9501658833287254
2019-11-01 00:00:00 10056890.0 10048880.0 8010.0 0 
2019-11-02 00:00:00 10056890.0 10048880.0 8010.0 0 ∙ 0.0 0.0%
2019-11-03 00:00:00 10056890.0 10048880.0 8010.0 0 ∙ 0.0 0.0%
2019-11-04 00:00:00 10104220.0 10096210.0 8010.0 0 ▲ 47330.0 0.4706226278700473%
2019-11-05 00:00:00 10160125.0 10152115.0 8010.0 0 ▲ 55905.0 0.5532836775129599%
2019-11-06 00:00:00 10103060.0 10095050.0 8010.0 0 ▼ -57065.0 -0.561656475683124%
2019-11-07 00:00:00 10377070.0 10369060.0 8010.0 0 ▲ 274010.0 2.7121485965638135%
2019-11-08 00:00:00 10685360.0 10677350.0 8010.0 0 ▲ 308290.0 2.970877135838922%
2019-11-09 00:00:00 10685360.0 10677350.0 8010.0 0 ∙ 0.0 0.0%
2019-11-10 00:00:00 10685360.0 10677350.0 8010.0 0 ∙ 0.0 0.0%
2019-11-11 00:00:00 10421355.0 10413345.0 8010.0 0 ▼ -264005.0 -2.4707169435564174%
2019-11-12 00:00:00 10322225.0 10314215.0 8010.0 0 ▼ -99130.0 -0.9512198749586787%
2019-11-13 00:00:00 10265080.0 10257070.0 8010.0 0 ▼ -57145.0 -0.5536112611379814%
2019-11-14 00:00:00 10819735.0 10811725.0 8010.0 0 ▲ 554655.0 5.403318824597568%
2019-11-15 00:00:00 10617960.0 10609950.0 8010.0 0 ▼ -201775.0 -1.864879315436099%
altman 1858
#####getMomentumListMonthCurrent
notMomentumTarget ['범양건영', '오션브릿지', '백광산업', '네오오토', '이엘피', '쌍용정보통신', '두올', '피에스케이', '휴니드', '하이셈', '흥국에프엔비', '비아트론', '일지테크', '지에스이']
only12MomentumTarget ['쌍용정보통신', '일지테크', '두올', '네오오토']
only2MomentumTarget ['지에스이', '피에스케이', '두올', '쌍용정보통신', '이엘피', '네오오토', '범양건영']
lastTarget2 ['네오오토', '두올', '쌍용정보통신']
2019-11-01   nan
dtype: float64
연평균 수익률 0.546595813392031
최대 하락률 nan
최대 상승률 nan
2019-11-01   1.00
2019-11-02   1.00
2019-11-03   1.00
2019-11-04   1.00
2019-11-05   1.01
2019-11-06   1.00
2019-11-07   1.03
2019-11-08   1.06
2019-11-09   1.06
2019-11-10   1.06
2019-11-11   1.04
2019-11-12   1.03
2019-11-13   1.02
2019-11-14   1.08
2019-11-15   1.06
dtype: float64
