blackList []
altman 1611
investNum 17
['평화정공', '현우산업', '동양물산', '세아제강지주', '비에이치', '서연전자', '디아이씨', '셀트리온', '포스코강판', '삼화전기', '유라테크', '세방전지', '화승알앤에이', '디에이피', '코다코', '에코플라스틱', '우리산업홀딩스']
2008-05-02 00:00:00 10000000.0 9904560.0 95440.0 0
2008-05-03 00:00:00 10162550.0 10067110.0 95440.0 0
2008-05-04 00:00:00 10162550.0 10067110.0 95440.0 0
2008-05-05 00:00:00 10162550.0 10067110.0 95440.0 0
2008-05-06 00:00:00 10162550.0 10067110.0 95440.0 0
2008-05-07 00:00:00 10393990.0 10298550.0 95440.0 0
2008-05-08 00:00:00 10376495.0 10281055.0 95440.0 0
2008-05-09 00:00:00 10516165.0 10420725.0 95440.0 0
2008-05-10 00:00:00 10492130.0 10396690.0 95440.0 0
2008-05-11 00:00:00 10492130.0 10396690.0 95440.0 0
2008-05-12 00:00:00 10492130.0 10396690.0 95440.0 0
2008-05-13 00:00:00 10492130.0 10396690.0 95440.0 0
2008-05-14 00:00:00 10776260.0 10680820.0 95440.0 0
2008-05-15 00:00:00 10809305.0 10713865.0 95440.0 0
2008-05-16 00:00:00 10894765.0 10799325.0 95440.0 0
2008-05-17 00:00:00 10806835.0 10711395.0 95440.0 0
2008-05-18 00:00:00 10806835.0 10711395.0 95440.0 0
2008-05-19 00:00:00 10806835.0 10711395.0 95440.0 0
2008-05-20 00:00:00 10871195.0 10775755.0 95440.0 0
2008-05-21 00:00:00 10931090.0 10835650.0 95440.0 0
2008-05-22 00:00:00 11137695.0 11042255.0 95440.0 0
2008-05-23 00:00:00 10994405.0 10898965.0 95440.0 0
2008-05-24 00:00:00 11056340.0 10960900.0 95440.0 0
2008-05-25 00:00:00 11056340.0 10960900.0 95440.0 0
2008-05-26 00:00:00 11056340.0 10960900.0 95440.0 0
2008-05-27 00:00:00 10973905.0 10878465.0 95440.0 0
2008-05-28 00:00:00 11379635.0 11284195.0 95440.0 0
2008-05-29 00:00:00 11526010.0 11430570.0 95440.0 0
2008-05-30 00:00:00 12010135.0 11914695.0 95440.0 0
2008-05-31 00:00:00 12515380.0 12419940.0 95440.0 0
2008-06-01 00:00:00 12515380.0 12419940.0 95440.0 0
3775.0 3645.0 1 3645.0
####################################
평화정공 1.0356652949245542
####################################
per : 9.23
pcr : 3.26
pbr : 0.59
roe : 6.72
당기순이익 : 7504074.0
영업활동으로인한현금흐름 : 16662222.0
투자활동으로인한현금흐름 : -18230729.0
재무활동으로인한현금흐름 : -4093618.0
psr : 0.24
roic : 5.53
eps : 357.0
ebit : 4718812.0
ev_ebit : 17.89
ev_sales : 0.29
ev_ebitda : 4.57
당기순이익률 : 2.56
영업이익률 : 1.61
매출총이익률 : 9.96
배당수익률 : 3.03
매출액 : 293419446.0
자산 : 203069910.0
유동자산 : 88361653.0
부채 : 87780553.0
유동부채 : 70714672.0
4160.0 4100.0 1 4100.0
####################################
현우산업 1.0146341463414634
####################################
per : 5.04
pcr : 1.8
pbr : 0.65
roe : 12.59
당기순이익 : 2702227.0
영업활동으로인한현금흐름 : 5611054.0
투자활동으로인한현금흐름 : -7507645.0
재무활동으로인한현금흐름 : 2129401.0
psr : 0.24
roic : 9.67
eps : 774.0
ebit : 3098861.0
ev_ebit : 7.08
ev_sales : 0.39
ev_ebitda : 2.75
당기순이익률 : 4.78
영업이익률 : 5.48
매출총이익률 : 10.42
배당수익률 : 1.92
매출액 : 56539104.0
자산 : 47666507.0
유동자산 : 22823426.0
부채 : 20995911.0
유동부채 : 17385872.0
12950.0 10100.0 1 10100.0
####################################
동양물산 1.2821782178217822
####################################
per : 5.65
pcr : 3.53
pbr : 0.47
roe : 8.64
당기순이익 : 10571493.0
영업활동으로인한현금흐름 : 2724393.0
투자활동으로인한현금흐름 : 5855588.0
재무활동으로인한현금흐름 : -2057098.0
psr : 0.24
roic : 4.25
eps : 1617.0
ebit : 9421460.0
ev_ebit : 10.02
ev_sales : 0.38
ev_ebitda : 5.98
당기순이익률 : 4.27
영업이익률 : 3.8
매출총이익률 : 25.76
배당수익률 : 3.28
매출액 : 247640656.0
자산 : 231333272.0
유동자산 : 141679653.0
부채 : 105261773.0
유동부채 : 75537202.0
63500.0 46750.0 1 46750.0
####################################
세아제강지주 1.358288770053476
####################################
per : 13.44
pcr : 3.85
pbr : 0.57
roe : 4.41
당기순이익 : 18951125.0
영업활동으로인한현금흐름 : 68821099.0
투자활동으로인한현금흐름 : -20926624.0
재무활동으로인한현금흐름 : -22679307.0
psr : 0.21
roic : 1.4
eps : 3587.0
ebit : 9121429.0
ev_ebit : 51.57
ev_sales : 0.4
ev_ebitda : 8.36
당기순이익률 : 1.6
영업이익률 : 0.77
매출총이익률 : 7.42
배당수익률 : 2.07
매출액 : 1187437203.0
자산 : 856731220.0
유동자산 : 418411721.0
부채 : 406912148.0
유동부채 : 310447302.0
2060.0 2120.0 1 2120.0
####################################
비에이치 0.9716981132075472
####################################
per : 9.18
pcr : 3.49
pbr : 0.74
roe : 8.69
당기순이익 : 2043663.0
영업활동으로인한현금흐름 : 4791247.0
투자활동으로인한현금흐름 : -11317299.0
재무활동으로인한현금흐름 : 7132909.0
psr : 0.37
roic : 9.51
eps : 236.0
ebit : 3274324.0
ev_ebit : 8.85
ev_sales : 0.57
ev_ebitda : 4.39
당기순이익률 : 3.99
영업이익률 : 6.39
매출총이익률 : 12.09
배당수익률 : None
매출액 : 51224609.0
자산 : 53057638.0
유동자산 : 29415623.0
부채 : 24025455.0
유동부채 : 12050293.0
2200.0 2840.0 1 2840.0
####################################
서연전자 0.7746478873239436
####################################
per : 9.08
pcr : 2.59
pbr : 0.77
roe : 8.29
당기순이익 : 4281311.0
영업활동으로인한현금흐름 : 15501336.0
투자활동으로인한현금흐름 : -1841621.0
재무활동으로인한현금흐름 : -13884315.0
psr : 0.14
roic : 6.58
eps : 255.0
ebit : 5175410.0
ev_ebit : 16.48
ev_sales : 0.31
ev_ebitda : 5.36
당기순이익률 : 1.55
영업이익률 : 1.87
매출총이익률 : 6.85
배당수익률 : 3.23
매출액 : 277055322.0
자산 : 165727929.0
유동자산 : 63612896.0
부채 : 109390712.0
유동부채 : 68669939.0
5830.0 43400.0 0.1 4340.0
####################################
디아이씨 1.3433179723502304
####################################
per : 6.38
pcr : 3.39
pbr : 0.9
roe : 14.6
당기순이익 : 10372221.0
영업활동으로인한현금흐름 : 14577799.0
투자활동으로인한현금흐름 : -38651238.0
재무활동으로인한현금흐름 : 35315456.0
psr : 0.29
roic : 20.44
eps : 6277.0
ebit : 13580265.0
ev_ebit : 6.4
ev_sales : 0.38
ev_ebitda : 3.83
당기순이익률 : 4.48
영업이익률 : 5.87
매출총이익률 : 11.03
배당수익률 : 1.62
매출액 : 231422029.0
자산 : 157282219.0
유동자산 : 94364249.0
부채 : 60820398.0
유동부채 : 43155941.0
7520.0 2780.0 1 2780.0
####################################
셀트리온 2.7050359712230216
####################################
per : 7.95
pcr : 3.33
pbr : 0.68
roe : 9.35
당기순이익 : 2287845.0
영업활동으로인한현금흐름 : 463629.0
투자활동으로인한현금흐름 : -5099261.0
재무활동으로인한현금흐름 : 5238360.0
psr : 0.37
roic : 7.98
eps : 381.0
ebit : 2952039.0
ev_ebit : 11.27
ev_sales : 0.68
ev_ebitda : 5.43
당기순이익률 : 4.67
영업이익률 : 6.03
매출총이익률 : 17.22
배당수익률 : 1.65
매출액 : 48978359.0
자산 : 50152051.0
유동자산 : 27846074.0
부채 : 24838231.0
유동부채 : 18596459.0
31850.0 25650.0 1 25650.0
####################################
포스코강판 1.2417153996101364
####################################
per : 15.73
pcr : 3.61
pbr : 0.53
roe : 3.43
당기순이익 : 9305734.0
영업활동으로인한현금흐름 : 33809900.0
투자활동으로인한현금흐름 : -24339680.0
재무활동으로인한현금흐름 : -11694325.0
psr : 0.22
roic : 2.67
eps : 1551.0
ebit : 14714714.0
ev_ebit : 13.62
ev_sales : 0.3
ev_ebitda : 4.36
당기순이익률 : 1.37
영업이익률 : 2.17
매출총이익률 : 6.71
배당수익률 : 3.07
매출액 : 677653977.0
자산 : 403992653.0
유동자산 : 201819512.0
부채 : 128670670.0
유동부채 : 89627636.0
6020.0 3635.0 1 3635.0
####################################
삼화전기 1.656121045392022
####################################
per : 14.62
pcr : 2.75
pbr : 0.58
roe : 4.04
당기순이익 : 1528840.0
영업활동으로인한현금흐름 : 4729394.0
투자활동으로인한현금흐름 : -5884972.0
재무활동으로인한현금흐름 : -115300.0
psr : 0.15
roic : 4.42
eps : 231.0
ebit : 2959837.0
ev_ebit : 16.14
ev_sales : 0.33
ev_ebitda : 4.99
당기순이익률 : 1.04
영업이익률 : 2.02
매출총이익률 : 12.12
배당수익률 : 2.96
매출액 : 146405381.0
자산 : 92985611.0
유동자산 : 40808054.0
부채 : 54493930.0
유동부채 : 46173418.0
2035.0 2060.0 1 2060.0
####################################
유라테크 0.9878640776699029
####################################
per : 8.55
pcr : 3.65
pbr : 0.78
roe : 9.57
당기순이익 : 2432966.0
영업활동으로인한현금흐름 : 3981661.0
투자활동으로인한현금흐름 : -1232897.0
재무활동으로인한현금흐름 : -2336973.0
psr : 0.38
roic : 10.23
eps : 211.0
ebit : 2649521.0
ev_ebit : 7.85
ev_sales : 0.38
ev_ebitda : 3.52
당기순이익률 : 4.43
영업이익률 : 4.82
매출총이익률 : 14.36
배당수익률 : 2.22
매출액 : 54980562.0
자산 : 44448192.0
유동자산 : 22135197.0
부채 : 17996215.0
유동부채 : 11313214.0
25000.0 15850.0 1 15850.0
####################################
세방전지 1.5772870662460567
####################################
per : 4.93
pcr : 2.94
pbr : 0.52
roe : 11.02
당기순이익 : 18808672.0
영업활동으로인한현금흐름 : -36005709.0
투자활동으로인한현금흐름 : 2294667.0
재무활동으로인한현금흐름 : 29734060.0
psr : 0.19
roic : 11.23
eps : 1343.0
ebit : 29651820.0
ev_ebit : 4.95
ev_sales : 0.3
ev_ebitda : 3.46
당기순이익률 : 3.79
영업이익률 : 5.97
매출총이익률 : 14.36
배당수익률 : 2.27
매출액 : 496287206.0
자산 : 316751081.0
유동자산 : 201220222.0
부채 : 137654762.0
유동부채 : 108203638.0
10200.0 10850.0 1 10850.0
####################################
화승알앤에이 0.9400921658986175
####################################
per : 7.24
pcr : 3.53
pbr : 0.53
roe : 7.9
당기순이익 : 10611375.0
영업활동으로인한현금흐름 : 11835386.0
투자활동으로인한현금흐름 : -15392843.0
재무활동으로인한현금흐름 : 2170430.0
psr : 0.17
roic : 6.81
eps : 1644.0
ebit : 5952138.0
ev_ebit : 26.62
ev_sales : 0.35
ev_ebitda : 9.27
당기순이익률 : 2.33
영업이익률 : 1.31
매출총이익률 : 13.05
배당수익률 : 2.1
매출액 : 454577503.0
자산 : 336016702.0
유동자산 : 113985170.0
부채 : 194480916.0
유동부채 : 166083796.0
1110.0 950.0 1 950.0
####################################
디에이피 1.168421052631579
####################################
per : 12.65
pcr : 0.84
pbr : 1.13
roe : 11.68
당기순이익 : 1127688.0
영업활동으로인한현금흐름 : 14027190.0
투자활동으로인한현금흐름 : -12589749.0
재무활동으로인한현금흐름 : -1424909.0
psr : 0.11
roic : 2.95
eps : 71.0
ebit : 2530455.0
ev_ebit : 29.52
ev_sales : 0.57
ev_ebitda : 4.08
당기순이익률 : 0.86
영업이익률 : 1.93
매출총이익률 : 7.05
배당수익률 : None
매출액 : 131414142.0
자산 : 110448530.0
유동자산 : 31661657.0
부채 : 97293617.0
유동부채 : 73161341.0
4290.0 3760.0 1 3760.0
####################################
코다코 1.1409574468085106
####################################
per : 18.58
pcr : 3.85
pbr : 1.01
roe : 5.55
당기순이익 : 1867871.0
영업활동으로인한현금흐름 : 10157920.0
투자활동으로인한현금흐름 : -16894718.0
재무활동으로인한현금흐름 : 2751210.0
psr : 0.42
roic : 5.58
eps : 215.0
ebit : 4419406.0
ev_ebit : 18.07
ev_sales : 0.97
ev_ebitda : 6.9
당기순이익률 : 2.27
영업이익률 : 5.38
매출총이익률 : 14.44
배당수익률 : 1.25
매출액 : 82185623.0
자산 : 102240055.0
유동자산 : 40623322.0
부채 : 67750554.0
유동부채 : 36833935.0
2080.0 2100.0 1 2100.0
####################################
에코플라스틱 0.9904761904761905
####################################
per : 7.11
pcr : 2.8
pbr : 0.56
roe : 8.09
당기순이익 : 5596186.0
영업활동으로인한현금흐름 : -8632587.0
투자활동으로인한현금흐름 : 4745477.0
재무활동으로인한현금흐름 : -1791423.0
psr : 0.11
roic : 5.88
eps : 295.0
ebit : 4350189.0
ev_ebit : 9.15
ev_sales : 0.11
ev_ebitda : 3.07
당기순이익률 : 1.59
영업이익률 : 1.23
매출총이익률 : 4.63
배당수익률 : 2.39
매출액 : 352889531.0
자산 : 152772194.0
유동자산 : 84128565.0
부채 : 82712175.0
유동부채 : 81387313.0
2040.0 1790.0 1 1790.0
####################################
우리산업홀딩스 1.1396648044692737
####################################
per : 11.6
pcr : 3.0
pbr : 0.7
roe : 6.26
당기순이익 : 1787273.0
영업활동으로인한현금흐름 : 504105.0
투자활동으로인한현금흐름 : 775390.0
재무활동으로인한현금흐름 : -1406838.0
psr : 0.2
roic : 1.51
eps : 163.0
ebit : 676001.0
ev_ebit : 81.02
ev_sales : 0.53
ev_ebitda : 9.44
당기순이익률 : 1.74
영업이익률 : 0.66
매출총이익률 : 10.49
배당수익률 : 1.59
매출액 : 102614543.0
자산 : 85252638.0
유동자산 : 55237571.0
부채 : 55841622.0
유동부채 : 48483926.0
blackList []
altman 1611
investNum 18
['평화정공', '삼화전기', '대창단조', '동양물산', '세아제강지주', '부산주공', '한국프랜지', '대한유화', '셀트리온', '바른전자', '포스코강판', '유라테크', '세방전지', '화승알앤에이', '디에이피', '코다코', '에코플라스틱', '우리산업홀딩스']
2008-06-02 00:00:00 12515380.0 12352620.0 162760.0 0
2008-06-03 00:00:00 12720610.0 12557850.0 162760.0 0
2008-06-04 00:00:00 12722095.0 12559335.0 162760.0 0
2008-06-05 00:00:00 13118340.0 12955580.0 162760.0 0
2008-06-06 00:00:00 13362040.0 13199280.0 162760.0 0
2008-06-07 00:00:00 13362040.0 13199280.0 162760.0 0
2008-06-08 00:00:00 13362040.0 13199280.0 162760.0 0
2008-06-09 00:00:00 13362040.0 13199280.0 162760.0 0
2008-06-10 00:00:00 13688860.0 13526100.0 162760.0 0
2008-06-11 00:00:00 13732245.0 13569485.0 162760.0 0
2008-06-12 00:00:00 14222440.0 14059680.0 162760.0 0
2008-06-13 00:00:00 14047840.0 13885080.0 162760.0 0
2008-06-14 00:00:00 13872720.0 13709960.0 162760.0 0
2008-06-15 00:00:00 13872720.0 13709960.0 162760.0 0
2008-06-16 00:00:00 13872720.0 13709960.0 162760.0 0
2008-06-17 00:00:00 13764485.0 13601725.0 162760.0 0
2008-06-18 00:00:00 13484965.0 13322205.0 162760.0 0
2008-06-19 00:00:00 13483950.0 13321190.0 162760.0 0
2008-06-20 00:00:00 13337705.0 13174945.0 162760.0 0
2008-06-21 00:00:00 13240365.0 13077605.0 162760.0 0
2008-06-22 00:00:00 13240365.0 13077605.0 162760.0 0
2008-06-23 00:00:00 13240365.0 13077605.0 162760.0 0
2008-06-24 00:00:00 13433875.0 13271115.0 162760.0 0
2008-06-25 00:00:00 13158080.0 12995320.0 162760.0 0
2008-06-26 00:00:00 13100765.0 12938005.0 162760.0 0
2008-06-27 00:00:00 13328190.0 13165430.0 162760.0 0
2008-06-28 00:00:00 13370200.0 13207440.0 162760.0 0
2008-06-29 00:00:00 13370200.0 13207440.0 162760.0 0
2008-06-30 00:00:00 13370200.0 13207440.0 162760.0 0
2008-07-01 00:00:00 13338120.0 13175360.0 162760.0 0
2008-07-02 00:00:00 13125260.0 12962500.0 162760.0 0
3265.0 3775.0 1 3775.0
####################################
평화정공 0.8649006622516556
####################################
per : 9.23
pcr : 3.26
pbr : 0.59
roe : 6.72
당기순이익 : 7504074.0
영업활동으로인한현금흐름 : 16662222.0
투자활동으로인한현금흐름 : -18230729.0
재무활동으로인한현금흐름 : -4093618.0
psr : 0.24
roic : 5.53
eps : 357.0
ebit : 4718812.0
ev_ebit : 17.89
ev_sales : 0.29
ev_ebitda : 4.57
당기순이익률 : 2.56
영업이익률 : 1.61
매출총이익률 : 9.96
배당수익률 : 3.03
매출액 : 293419446.0
자산 : 203069910.0
유동자산 : 88361653.0
부채 : 87780553.0
유동부채 : 70714672.0
10750.0 6020.0 1 6020.0
####################################
삼화전기 1.7857142857142858
####################################
per : 14.62
pcr : 2.75
pbr : 0.58
roe : 4.04
당기순이익 : 1528840.0
영업활동으로인한현금흐름 : 4729394.0
투자활동으로인한현금흐름 : -5884972.0
재무활동으로인한현금흐름 : -115300.0
psr : 0.15
roic : 4.42
eps : 231.0
ebit : 2959837.0
ev_ebit : 16.14
ev_sales : 0.33
ev_ebitda : 4.99
당기순이익률 : 1.04
영업이익률 : 2.02
매출총이익률 : 12.12
배당수익률 : 2.96
매출액 : 146405381.0
자산 : 92985611.0
유동자산 : 40808054.0
부채 : 54493930.0
유동부채 : 46173418.0
13500.0 13950.0 1 13950.0
####################################
대창단조 0.967741935483871
####################################
per : 10.27
pcr : 3.62
pbr : 0.89
roe : 8.99
당기순이익 : 3526183.0
영업활동으로인한현금흐름 : 4068151.0
투자활동으로인한현금흐름 : -2410901.0
재무활동으로인한현금흐름 : -1528393.0
psr : 0.25
roic : 7.73
eps : 1763.0
ebit : 5389984.0
ev_ebit : 10.81
ev_sales : 0.41
ev_ebitda : 4.91
당기순이익률 : 2.45
영업이익률 : 3.75
매출총이익률 : 6.34
배당수익률 : 2.21
매출액 : 143829381.0
자산 : 92417521.0
유동자산 : 42532486.0
부채 : 51720895.0
유동부채 : 42469070.0
10050.0 12950.0 1 12950.0
####################################
동양물산 0.7760617760617761
####################################
per : 5.65
pcr : 3.53
pbr : 0.47
roe : 8.64
당기순이익 : 10571493.0
영업활동으로인한현금흐름 : 2724393.0
투자활동으로인한현금흐름 : 5855588.0
재무활동으로인한현금흐름 : -2057098.0
psr : 0.24
roic : 4.25
eps : 1617.0
ebit : 9421460.0
ev_ebit : 10.02
ev_sales : 0.38
ev_ebitda : 5.98
당기순이익률 : 4.27
영업이익률 : 3.8
매출총이익률 : 25.76
배당수익률 : 3.28
매출액 : 247640656.0
자산 : 231333272.0
유동자산 : 141679653.0
부채 : 105261773.0
유동부채 : 75537202.0
66300.0 63500.0 1 63500.0
####################################
세아제강지주 1.0440944881889764
####################################
per : 13.44
pcr : 3.85
pbr : 0.57
roe : 4.41
당기순이익 : 18951125.0
영업활동으로인한현금흐름 : 68821099.0
투자활동으로인한현금흐름 : -20926624.0
재무활동으로인한현금흐름 : -22679307.0
psr : 0.21
roic : 1.4
eps : 3587.0
ebit : 9121429.0
ev_ebit : 51.57
ev_sales : 0.4
ev_ebitda : 8.36
당기순이익률 : 1.6
영업이익률 : 0.77
매출총이익률 : 7.42
배당수익률 : 2.07
매출액 : 1187437203.0
자산 : 856731220.0
유동자산 : 418411721.0
부채 : 406912148.0
유동부채 : 310447302.0
3930.0 4700.0 1 4700.0
####################################
부산주공 0.8361702127659575
####################################
per : 8.86
pcr : 3.6
pbr : 1.08
roe : 13.22
당기순이익 : 3769919.0
영업활동으로인한현금흐름 : 8814524.0
투자활동으로인한현금흐름 : -22568404.0
재무활동으로인한현금흐름 : 19431459.0
psr : 0.26
roic : 7.8
eps : 524.0
ebit : 7938121.0
ev_ebit : 12.72
ev_sales : 0.8
ev_ebitda : 7.51
당기순이익률 : 2.98
영업이익률 : 6.27
매출총이익률 : 16.46
배당수익률 : 2.69
매출액 : 126553200.0
자산 : 164980937.0
유동자산 : 70598495.0
부채 : 135278343.0
유동부채 : 100329915.0
14550.0 13900.0 1 13900.0
####################################
한국프랜지 1.0467625899280575
####################################
per : 16.27
pcr : 3.17
pbr : 0.52
roe : 3.34
당기순이익 : 5594955.0
영업활동으로인한현금흐름 : 7588591.0
투자활동으로인한현금흐름 : -17218562.0
재무활동으로인한현금흐름 : 19877330.0
psr : 0.13
roic : 3.31
eps : 919.0
ebit : 7148481.0
ev_ebit : 23.43
ev_sales : 0.24
ev_ebitda : 5.53
당기순이익률 : 0.82
영업이익률 : 1.04
매출총이익률 : 5.74
배당수익률 : 3.34
매출액 : 684887674.0
자산 : 396846551.0
유동자산 : 231431738.0
부채 : 223166547.0
유동부채 : 191976032.0
44000.0 45250.0 1 45250.0
####################################
대한유화 0.9723756906077348
####################################
per : 7.36
pcr : 3.9
pbr : 0.83
roe : 11.91
당기순이익 : 61240337.0
영업활동으로인한현금흐름 : 59716500.0
투자활동으로인한현금흐름 : -50594290.0
재무활동으로인한현금흐름 : -48567921.0
psr : 0.32
roic : 10.94
eps : 7468.0
ebit : 82097799.0
ev_ebit : 6.74
ev_sales : 0.39
ev_ebitda : 4.05
당기순이익률 : 4.28
영업이익률 : 5.74
매출총이익률 : 9.85
배당수익률 : 3.64
매출액 : 1430917265.0
자산 : 808278259.0
유동자산 : 337484373.0
부채 : 266362752.0
유동부채 : 215275702.0
14150.0 7520.0 1 7520.0
####################################
셀트리온 1.8816489361702127
####################################
per : 7.95
pcr : 3.33
pbr : 0.68
roe : 9.35
당기순이익 : 2287845.0
영업활동으로인한현금흐름 : 463629.0
투자활동으로인한현금흐름 : -5099261.0
재무활동으로인한현금흐름 : 5238360.0
psr : 0.37
roic : 7.98
eps : 381.0
ebit : 2952039.0
ev_ebit : 11.27
ev_sales : 0.68
ev_ebitda : 5.43
당기순이익률 : 4.67
영업이익률 : 6.03
매출총이익률 : 17.22
배당수익률 : 1.65
매출액 : 48978359.0
자산 : 50152051.0
유동자산 : 27846074.0
부채 : 24838231.0
유동부채 : 18596459.0
2525.0 2545.0 1 2545.0
####################################
바른전자 0.9921414538310412
####################################
per : 7.5
pcr : 3.3
pbr : 1.65
roe : 24.44
당기순이익 : 2613670.0
영업활동으로인한현금흐름 : 1623938.0
투자활동으로인한현금흐름 : -2658578.0
재무활동으로인한현금흐름 : 516427.0
psr : 0.31
roic : 12.34
eps : 358.0
ebit : 1353835.0
ev_ebit : 16.2
ev_sales : 0.35
ev_ebitda : 4.7
당기순이익률 : 4.14
영업이익률 : 2.14
매출총이익률 : 6.34
배당수익률 : 2.8
매출액 : 63147766.0
자산 : 21835372.0
유동자산 : 12754076.0
부채 : 9922890.0
유동부채 : 9632904.0
38850.0 31850.0 1 31850.0
####################################
포스코강판 1.2197802197802199
####################################
per : 15.73
pcr : 3.61
pbr : 0.53
roe : 3.43
당기순이익 : 9305734.0
영업활동으로인한현금흐름 : 33809900.0
투자활동으로인한현금흐름 : -24339680.0
재무활동으로인한현금흐름 : -11694325.0
psr : 0.22
roic : 2.67
eps : 1551.0
ebit : 14714714.0
ev_ebit : 13.62
ev_sales : 0.3
ev_ebitda : 4.36
당기순이익률 : 1.37
영업이익률 : 2.17
매출총이익률 : 6.71
배당수익률 : 3.07
매출액 : 677653977.0
자산 : 403992653.0
유동자산 : 201819512.0
부채 : 128670670.0
유동부채 : 89627636.0
2015.0 2035.0 1 2035.0
####################################
유라테크 0.9901719901719902
####################################
per : 8.55
pcr : 3.65
pbr : 0.78
roe : 9.57
당기순이익 : 2432966.0
영업활동으로인한현금흐름 : 3981661.0
투자활동으로인한현금흐름 : -1232897.0
재무활동으로인한현금흐름 : -2336973.0
psr : 0.38
roic : 10.23
eps : 211.0
ebit : 2649521.0
ev_ebit : 7.85
ev_sales : 0.38
ev_ebitda : 3.52
당기순이익률 : 4.43
영업이익률 : 4.82
매출총이익률 : 14.36
배당수익률 : 2.22
매출액 : 54980562.0
자산 : 44448192.0
유동자산 : 22135197.0
부채 : 17996215.0
유동부채 : 11313214.0
22050.0 25000.0 1 25000.0
####################################
세방전지 0.882
####################################
per : 4.93
pcr : 2.94
pbr : 0.52
roe : 11.02
당기순이익 : 18808672.0
영업활동으로인한현금흐름 : -36005709.0
투자활동으로인한현금흐름 : 2294667.0
재무활동으로인한현금흐름 : 29734060.0
psr : 0.19
roic : 11.23
eps : 1343.0
ebit : 29651820.0
ev_ebit : 4.95
ev_sales : 0.3
ev_ebitda : 3.46
당기순이익률 : 3.79
영업이익률 : 5.97
매출총이익률 : 14.36
배당수익률 : 2.27
매출액 : 496287206.0
자산 : 316751081.0
유동자산 : 201220222.0
부채 : 137654762.0
유동부채 : 108203638.0
10000.0 10200.0 1 10200.0
####################################
화승알앤에이 0.9803921568627451
####################################
per : 7.24
pcr : 3.53
pbr : 0.53
roe : 7.9
당기순이익 : 10611375.0
영업활동으로인한현금흐름 : 11835386.0
투자활동으로인한현금흐름 : -15392843.0
재무활동으로인한현금흐름 : 2170430.0
psr : 0.17
roic : 6.81
eps : 1644.0
ebit : 5952138.0
ev_ebit : 26.62
ev_sales : 0.35
ev_ebitda : 9.27
당기순이익률 : 2.33
영업이익률 : 1.31
매출총이익률 : 13.05
배당수익률 : 2.1
매출액 : 454577503.0
자산 : 336016702.0
유동자산 : 113985170.0
부채 : 194480916.0
유동부채 : 166083796.0
895.0 1110.0 1 1110.0
####################################
디에이피 0.8063063063063063
####################################
per : 12.65
pcr : 0.84
pbr : 1.13
roe : 11.68
당기순이익 : 1127688.0
영업활동으로인한현금흐름 : 14027190.0
투자활동으로인한현금흐름 : -12589749.0
재무활동으로인한현금흐름 : -1424909.0
psr : 0.11
roic : 2.95
eps : 71.0
ebit : 2530455.0
ev_ebit : 29.52
ev_sales : 0.57
ev_ebitda : 4.08
당기순이익률 : 0.86
영업이익률 : 1.93
매출총이익률 : 7.05
배당수익률 : None
매출액 : 131414142.0
자산 : 110448530.0
유동자산 : 31661657.0
부채 : 97293617.0
유동부채 : 73161341.0
3845.0 4290.0 1 4290.0
####################################
코다코 0.8962703962703963
####################################
per : 18.58
pcr : 3.85
pbr : 1.01
roe : 5.55
당기순이익 : 1867871.0
영업활동으로인한현금흐름 : 10157920.0
투자활동으로인한현금흐름 : -16894718.0
재무활동으로인한현금흐름 : 2751210.0
psr : 0.42
roic : 5.58
eps : 215.0
ebit : 4419406.0
ev_ebit : 18.07
ev_sales : 0.97
ev_ebitda : 6.9
당기순이익률 : 2.27
영업이익률 : 5.38
매출총이익률 : 14.44
배당수익률 : 1.25
매출액 : 82185623.0
자산 : 102240055.0
유동자산 : 40623322.0
부채 : 67750554.0
유동부채 : 36833935.0
2145.0 2080.0 1 2080.0
####################################
에코플라스틱 1.03125
####################################
per : 7.11
pcr : 2.8
pbr : 0.56
roe : 8.09
당기순이익 : 5596186.0
영업활동으로인한현금흐름 : -8632587.0
투자활동으로인한현금흐름 : 4745477.0
재무활동으로인한현금흐름 : -1791423.0
psr : 0.11
roic : 5.88
eps : 295.0
ebit : 4350189.0
ev_ebit : 9.15
ev_sales : 0.11
ev_ebitda : 3.07
당기순이익률 : 1.59
영업이익률 : 1.23
매출총이익률 : 4.63
배당수익률 : 2.39
매출액 : 352889531.0
자산 : 152772194.0
유동자산 : 84128565.0
부채 : 82712175.0
유동부채 : 81387313.0
1865.0 2040.0 1 2040.0
####################################
우리산업홀딩스 0.9142156862745098
####################################
per : 11.6
pcr : 3.0
pbr : 0.7
roe : 6.26
당기순이익 : 1787273.0
영업활동으로인한현금흐름 : 504105.0
투자활동으로인한현금흐름 : 775390.0
재무활동으로인한현금흐름 : -1406838.0
psr : 0.2
roic : 1.51
eps : 163.0
ebit : 676001.0
ev_ebit : 81.02
ev_sales : 0.53
ev_ebitda : 9.44
당기순이익률 : 1.74
영업이익률 : 0.66
매출총이익률 : 10.49
배당수익률 : 1.59
매출액 : 102614543.0
자산 : 85252638.0
유동자산 : 55237571.0
부채 : 55841622.0
유동부채 : 48483926.0
blackList []
altman 1611
investNum 10
['삼화전기', '코다코', '세방전지', '유라테크', '포스코강판', '셀트리온', '한국프랜지', '부산주공', '세아제강지주', '우리산업홀딩스']
2008-07-03 00:00:00 13125260.0 13041885.0 83375.0 0
2008-07-04 00:00:00 12826255.0 12742880.0 83375.0 0
2008-07-05 00:00:00 12605585.0 12522210.0 83375.0 0
2008-07-06 00:00:00 12605585.0 12522210.0 83375.0 0
2008-07-07 00:00:00 12605585.0 12522210.0 83375.0 0
2008-07-08 00:00:00 12617705.0 12534330.0 83375.0 0
2008-07-09 00:00:00 12171055.0 12087680.0 83375.0 0
2008-07-10 00:00:00 12487865.0 12404490.0 83375.0 0
2008-07-11 00:00:00 12417430.0 12334055.0 83375.0 0
2008-07-12 00:00:00 13017005.0 12933630.0 83375.0 0
2008-07-13 00:00:00 13017005.0 12933630.0 83375.0 0
2008-07-14 00:00:00 13017005.0 12933630.0 83375.0 0
2008-07-15 00:00:00 13386415.0 13303040.0 83375.0 0
2008-07-16 00:00:00 12874325.0 12790950.0 83375.0 0
2008-07-17 00:00:00 12880910.0 12797535.0 83375.0 0
2008-07-18 00:00:00 13073160.0 12989785.0 83375.0 0
2008-07-19 00:00:00 12868285.0 12784910.0 83375.0 0
2008-07-20 00:00:00 12868285.0 12784910.0 83375.0 0
2008-07-21 00:00:00 12868285.0 12784910.0 83375.0 0
2008-07-22 00:00:00 12890045.0 12806670.0 83375.0 0
2008-07-23 00:00:00 12780900.0 12697525.0 83375.0 0
2008-07-24 00:00:00 12903415.0 12820040.0 83375.0 0
